test_CorrectTemplate (DRP.tests.httpTests.aboutPage.AboutPage)
Check that the expected template is loaded. ... ok
test_Status (DRP.tests.httpTests.aboutPage.AboutPage)
Check that the http response code is the expected value. ... ok
test_ValidHtml (DRP.tests.httpTests.aboutPage.AboutPage)
Check HTML validity. ... ok
test_CorrectTemplate (DRP.tests.httpTests.accountPage.AccountPageNoGroups)
Check that the expected template is loaded. ... ok
test_Status (DRP.tests.httpTests.accountPage.AccountPageNoGroups)
Check that the http response code is the expected value. ... ok
test_ValidHtml (DRP.tests.httpTests.accountPage.AccountPageNoGroups)
Check HTML validity. ... ok
test_CorrectTemplate (DRP.tests.httpTests.accountPage.AccountPageGroups)
Check that the expected template is loaded. ... ok
test_Status (DRP.tests.httpTests.accountPage.AccountPageGroups)
Check that the http response code is the expected value. ... ok
test_ValidHtml (DRP.tests.httpTests.accountPage.AccountPageGroups)
Check HTML validity. ... ok
test_CorrectTemplate (DRP.tests.httpTests.confirmationPage.ConfirmationPage)
Check that the expected template is loaded. ... ok
test_Status (DRP.tests.httpTests.confirmationPage.ConfirmationPage)
Check that the http response code is the expected value. ... ok
test_ValidHtml (DRP.tests.httpTests.confirmationPage.ConfirmationPage)
Check HTML validity. ... ok
test_CorrectTemplate (DRP.tests.httpTests.confirmationPage.ConfirmationPage2)
Check that the expected template is loaded. ... ok
test_Status (DRP.tests.httpTests.confirmationPage.ConfirmationPage2)
Ensure that response code correctly 403 when missing URL parameter. ... ok
test_ValidHtml (DRP.tests.httpTests.confirmationPage.ConfirmationPage2)
Check HTML validity. ... ok
test_CorrectTemplate (DRP.tests.httpTests.confirmationPage.PostConfirmationPage)
Check that the expected template is loaded. ... ok
test_Status (DRP.tests.httpTests.confirmationPage.PostConfirmationPage)
Check that the http response code is the expected value. ... ok
test_ValidHtml (DRP.tests.httpTests.confirmationPage.PostConfirmationPage)
Check HTML validity. ... ok
test_CorrectTemplate (DRP.tests.httpTests.confirmationPage.PostConfirmationPage2)
Check that the expected template is loaded. ... ok
test_Status (DRP.tests.httpTests.confirmationPage.PostConfirmationPage2)
Look for POST confirmation response. ... ok
test_ValidHtml (DRP.tests.httpTests.confirmationPage.PostConfirmationPage2)
Check HTML validity. ... ok
test_CorrectTemplate (DRP.tests.httpTests.contactPage.ContactPage)
Check that the expected template is loaded. ... ok
test_Status (DRP.tests.httpTests.contactPage.ContactPage)
Check that the http response code is the expected value. ... ok
test_ValidHtml (DRP.tests.httpTests.contactPage.ContactPage)
Check HTML validity. ... ok
test_CorrectTemplate (DRP.tests.httpTests.contactPage.PostContactPage)
Check that the expected template is loaded. ... ok
test_Status (DRP.tests.httpTests.contactPage.PostContactPage)
Check that the http response code is the expected value. ... ok
test_ValidHtml (DRP.tests.httpTests.contactPage.PostContactPage)
Check HTML validity. ... ok
test_CorrectTemplate (DRP.tests.httpTests.contactPage.PostContactPageBad2)
Check that the expected template is loaded. ... ok
test_Status (DRP.tests.httpTests.contactPage.PostContactPageBad2)
Check that the http response code is the expected value. ... ok
test_ValidHtml (DRP.tests.httpTests.contactPage.PostContactPageBad2)
Check HTML validity. ... ok
test_CorrectTemplate (DRP.tests.httpTests.contactPage.PostContactPageBad3)
Check that the expected template is loaded. ... ok
test_Status (DRP.tests.httpTests.contactPage.PostContactPageBad3)
Ensure that the response to a forgotten csrf token is a 403 error. ... ok
test_ValidHtml (DRP.tests.httpTests.contactPage.PostContactPageBad3)
Check HTML validity. ... ok
test_CorrectTemplate (DRP.tests.httpTests.compoundPages.LicenseRedirect)
Check that the expected template is loaded. ... ok
test_Status (DRP.tests.httpTests.compoundPages.LicenseRedirect)
Check that the http response code is the expected value. ... ok
test_ValidHtml (DRP.tests.httpTests.compoundPages.LicenseRedirect)
Check HTML validity. ... ok
test_redirect (DRP.tests.httpTests.compoundPages.LicenseRedirect) ... ok
test_CorrectTemplate (DRP.tests.httpTests.compoundPages.Lab403Test)
Check that the expected template is loaded. ... ok
test_Status (DRP.tests.httpTests.compoundPages.Lab403Test)
Check that the http response code is the expected value. ... ok
test_ValidHtml (DRP.tests.httpTests.compoundPages.Lab403Test)
Check HTML validity. ... ok
test_CorrectTemplate (DRP.tests.httpTests.compoundPages.CreateCompoundGetTest)
Check that the expected template is loaded. ... ok
test_Status (DRP.tests.httpTests.compoundPages.CreateCompoundGetTest)
Check that the http response code is the expected value. ... ok
test_ValidHtml (DRP.tests.httpTests.compoundPages.CreateCompoundGetTest)
Check HTML validity. ... ok
test_CorrectTemplate (DRP.tests.httpTests.compoundPages.CreateCompoundRedirTest)
Check that the expected template is loaded. ... ok
test_Status (DRP.tests.httpTests.compoundPages.CreateCompoundRedirTest)
Check that the http response code is the expected value. ... ok
test_ValidHtml (DRP.tests.httpTests.compoundPages.CreateCompoundRedirTest)
Check HTML validity. ... FAIL
test_redirect (DRP.tests.httpTests.compoundPages.CreateCompoundRedirTest) ... ok
test_CorrectTemplate (DRP.tests.httpTests.compoundPages.CreateCompoundRadioTest)
Check that the expected template is loaded. ... ok
test_Status (DRP.tests.httpTests.compoundPages.CreateCompoundRadioTest)
Check that the http response code is the expected value. ... ok
test_ValidHtml (DRP.tests.httpTests.compoundPages.CreateCompoundRadioTest)
Check HTML validity. ... ok
test_CorrectTemplate (DRP.tests.httpTests.compoundPages.NoCompounds)
Check that the expected template is loaded. ... ok
test_Status (DRP.tests.httpTests.compoundPages.NoCompounds)
Check that the http response code is the expected value. ... ok
test_ValidHtml (DRP.tests.httpTests.compoundPages.NoCompounds)
Check HTML validity. ... ok
test_CorrectTemplate (DRP.tests.httpTests.compoundPages.ManyGroupsRedirect)
Check that the expected template is loaded. ... ok
test_Status (DRP.tests.httpTests.compoundPages.ManyGroupsRedirect)
Check that the http response code is the expected value. ... ok
test_ValidHtml (DRP.tests.httpTests.compoundPages.ManyGroupsRedirect)
Check HTML validity. ... ok
test_redirect (DRP.tests.httpTests.compoundPages.ManyGroupsRedirect) ... ok
test_CorrectTemplate (DRP.tests.httpTests.compoundPages.ManyLabGroupsDisplays)
Check that the expected template is loaded. ... ok
test_Status (DRP.tests.httpTests.compoundPages.ManyLabGroupsDisplays)
Check that the http response code is the expected value. ... ok
test_ValidHtml (DRP.tests.httpTests.compoundPages.ManyLabGroupsDisplays)
Check HTML validity. ... ok
test_CorrectTemplate (DRP.tests.httpTests.compoundPages.LabGroupSelectionRedirect)
Check that the expected template is loaded. ... ok
test_Status (DRP.tests.httpTests.compoundPages.LabGroupSelectionRedirect)
Check that the http response code is the expected value. ... ok
test_ValidHtml (DRP.tests.httpTests.compoundPages.LabGroupSelectionRedirect)
Check HTML validity. ... ok
test_redirect (DRP.tests.httpTests.compoundPages.LabGroupSelectionRedirect) ... ok
test_CorrectTemplate (DRP.tests.httpTests.compoundPages.GetCompoundForEditing)
Check that the expected template is loaded. ... ok
test_Status (DRP.tests.httpTests.compoundPages.GetCompoundForEditing)
Check that the http response code is the expected value. ... ok
test_ValidHtml (DRP.tests.httpTests.compoundPages.GetCompoundForEditing)
Check HTML validity. ... ok
test_CorrectTemplate (DRP.tests.httpTests.compoundPages.GetNotMyCompoundForEditing)
Check that the expected template is loaded. ... ok
test_Status (DRP.tests.httpTests.compoundPages.GetNotMyCompoundForEditing)
Check that the http response code is the expected value. ... ok
test_ValidHtml (DRP.tests.httpTests.compoundPages.GetNotMyCompoundForEditing)
Check HTML validity. ... ok
test_CorrectTemplate (DRP.tests.httpTests.compoundPages.GetCustomCompound403)
Check that the expected template is loaded. ... ok
test_Status (DRP.tests.httpTests.compoundPages.GetCustomCompound403)
Check that the http response code is the expected value. ... ok
test_ValidHtml (DRP.tests.httpTests.compoundPages.GetCustomCompound403)
Check HTML validity. ... ok
test_CorrectTemplate (DRP.tests.httpTests.homePage.HomePage)
Check that the expected template is loaded. ... ok
test_Status (DRP.tests.httpTests.homePage.HomePage)
Check that the http response code is the expected value. ... ok
test_ValidHtml (DRP.tests.httpTests.homePage.HomePage)
Check HTML validity. ... ok
test_CorrectTemplate (DRP.tests.httpTests.labGroupPage.LabGroupPage)
Check that the expected template is loaded. ... ok
test_Status (DRP.tests.httpTests.labGroupPage.LabGroupPage)
Check that the http response code is the expected value. ... ok
test_ValidHtml (DRP.tests.httpTests.labGroupPage.LabGroupPage)
Check HTML validity. ... ok
test_CorrectTemplate (DRP.tests.httpTests.labGroupPage.PostLabGroupPage)
Check that the expected template is loaded. ... ok
test_Status (DRP.tests.httpTests.labGroupPage.PostLabGroupPage)
Check that the http response code is the expected value. ... ok
test_ValidHtml (DRP.tests.httpTests.labGroupPage.PostLabGroupPage)
Check HTML validity. ... ok
test_CorrectTemplate (DRP.tests.httpTests.licensePage.LicenseAgreementPage)
Check that the expected template is loaded. ... ok
test_Status (DRP.tests.httpTests.licensePage.LicenseAgreementPage)
Check that the http response code is the expected value. ... ok
test_ValidHtml (DRP.tests.httpTests.licensePage.LicenseAgreementPage)
Check HTML validity. ... ok
test_CorrectTemplate (DRP.tests.httpTests.licensePage.PostLicenseAgreementPage)
Check that the expected template is loaded. ... ok
test_Redirect (DRP.tests.httpTests.licensePage.PostLicenseAgreementPage)
Test the redirection. ... ok
test_Status (DRP.tests.httpTests.licensePage.PostLicenseAgreementPage)
Check that the http response code is the expected value. ... ok
test_ValidHtml (DRP.tests.httpTests.licensePage.PostLicenseAgreementPage)
Check HTML validity. ... ok
test_CorrectTemplate (DRP.tests.httpTests.licensePage.PostLicenseAgreementPage2)
Check that the expected template is loaded. ... ok
test_Status (DRP.tests.httpTests.licensePage.PostLicenseAgreementPage2)
Check that the http response code is the expected value. ... ok
test_ValidHtml (DRP.tests.httpTests.licensePage.PostLicenseAgreementPage2)
Check HTML validity. ... ok
test_CorrectTemplate (DRP.tests.httpTests.licensePage.PostLicenseAgreementPage3)
Check that the expected template is loaded. ... ok
test_Redirect (DRP.tests.httpTests.licensePage.PostLicenseAgreementPage3)
Test the redirection. ... ok
test_Status (DRP.tests.httpTests.licensePage.PostLicenseAgreementPage3)
Check that the http response code is the expected value. ... ok
test_ValidHtml (DRP.tests.httpTests.licensePage.PostLicenseAgreementPage3)
Check HTML validity. ... ok
test_CorrectTemplate (DRP.tests.httpTests.licensePage.PostLicenseAgreementPage4)
Check that the expected template is loaded. ... ok
test_Status (DRP.tests.httpTests.licensePage.PostLicenseAgreementPage4)
Check that the http response code is the expected value. ... ok
test_ValidHtml (DRP.tests.httpTests.licensePage.PostLicenseAgreementPage4)
Check HTML validity. ... ok
test_CorrectTemplate (DRP.tests.httpTests.loginPage.LoginPage)
Check that the expected template is loaded. ... ok
test_Status (DRP.tests.httpTests.loginPage.LoginPage)
Check that the http response code is the expected value. ... ok
test_ValidHtml (DRP.tests.httpTests.loginPage.LoginPage)
Check HTML validity. ... ok
test_CorrectTemplate (DRP.tests.httpTests.loginPage.PostLoginPage)
Check that the expected template is loaded. ... ok
test_Status (DRP.tests.httpTests.loginPage.PostLoginPage)
Ensure that the test redirects to the correct response. ... ok
test_ValidHtml (DRP.tests.httpTests.loginPage.PostLoginPage)
Check HTML validity. ... ok
test_CorrectTemplate (DRP.tests.httpTests.registerPage.RegisterPage)
Check that the expected template is loaded. ... ok
test_Status (DRP.tests.httpTests.registerPage.RegisterPage)
Check that the http response code is the expected value. ... ok
test_ValidHtml (DRP.tests.httpTests.registerPage.RegisterPage)
Check HTML validity. ... ok
test_CorrectTemplate (DRP.tests.httpTests.registerPage.PostRegisterPage)
Check that the expected template is loaded. ... skipped 'Email Tests being skipped...'
test_Status (DRP.tests.httpTests.registerPage.PostRegisterPage)
Check that the http response code is the expected value. ... skipped 'Email Tests being skipped...'
test_ValidHtml (DRP.tests.httpTests.registerPage.PostRegisterPage)
Check HTML validity. ... skipped 'Email Tests being skipped...'
test_email (DRP.tests.httpTests.registerPage.PostRegisterPage)
Check that the registration email has been recieved and is in good shape. ... skipped 'Email Tests being skipped...'
test_CorrectTemplate (DRP.tests.httpTests.reactionPages.GetReactionCreate)
Check that the expected template is loaded. ... ok
test_Status (DRP.tests.httpTests.reactionPages.GetReactionCreate)
Check that the http response code is the expected value. ... ok
test_ValidHtml (DRP.tests.httpTests.reactionPages.GetReactionCreate)
Check HTML validity. ... ok
test_CorrectTemplate (DRP.tests.httpTests.reactionPages.PostReactionCreateValid)
Check that the expected template is loaded. ... ok
test_Status (DRP.tests.httpTests.reactionPages.PostReactionCreateValid)
Check that the http response code is the expected value. ... ok
test_ValidHtml (DRP.tests.httpTests.reactionPages.PostReactionCreateValid)
Check HTML validity. ... ok
test_image (DRP.tests.httpTests.reactionPages.PostReactionCreateValid)
Test the files presence. ... ok
test_redirect (DRP.tests.httpTests.reactionPages.PostReactionCreateValid) ... ok
test_CorrectTemplate (DRP.tests.httpTests.reactionPages.PostReactionCreateInvalid)
Check that the expected template is loaded. ... ok
test_Status (DRP.tests.httpTests.reactionPages.PostReactionCreateInvalid)
Check that the http response code is the expected value. ... ok
test_ValidHtml (DRP.tests.httpTests.reactionPages.PostReactionCreateInvalid)
Check HTML validity. ... ok
test_CorrectTemplate (DRP.tests.httpTests.reactionPages.GetReactionEdit)
Check that the expected template is loaded. ... ERROR
test_Status (DRP.tests.httpTests.reactionPages.GetReactionEdit)
Check that the http response code is the expected value. ... ERROR
test_ValidHtml (DRP.tests.httpTests.reactionPages.GetReactionEdit)
Check HTML validity. ... ERROR
test_CorrectTemplate (DRP.tests.httpTests.reactionPages.GetReactionEdit2)
Check that the expected template is loaded. ... ERROR
test_Status (DRP.tests.httpTests.reactionPages.GetReactionEdit2)
Check that the http response code is the expected value. ... ERROR
test_ValidHtml (DRP.tests.httpTests.reactionPages.GetReactionEdit2)
Check HTML validity. ... ERROR
test_CorrectTemplate (DRP.tests.httpTests.reactionPages.GetSomeoneElsesReactionEdit)
Check that the expected template is loaded. ... ERROR
test_Status (DRP.tests.httpTests.reactionPages.GetSomeoneElsesReactionEdit)
Check that the http response code is the expected value. ... ERROR
test_ValidHtml (DRP.tests.httpTests.reactionPages.GetSomeoneElsesReactionEdit)
Check HTML validity. ... ERROR
test_CorrectTemplate (DRP.tests.httpTests.reactionPages.GetNonexistentReactionEdit)
Check that the expected template is loaded. ... ok
test_Status (DRP.tests.httpTests.reactionPages.GetNonexistentReactionEdit)
Check that the http response code is the expected value. ... ok
test_ValidHtml (DRP.tests.httpTests.reactionPages.GetNonexistentReactionEdit)
Check HTML validity. ... ok
test_CorrectTemplate (DRP.tests.httpTests.reactionPages.PostReactionEditValid)
Check that the expected template is loaded. ... ERROR
test_Status (DRP.tests.httpTests.reactionPages.PostReactionEditValid)
Check that the http response code is the expected value. ... ERROR
test_ValidHtml (DRP.tests.httpTests.reactionPages.PostReactionEditValid)
Check HTML validity. ... ERROR
test_edit (DRP.tests.httpTests.reactionPages.PostReactionEditValid)
Test that the edition actually worked. ... ERROR
test_image (DRP.tests.httpTests.reactionPages.PostReactionEditValid)
Test the files presence. ... ERROR
test_CorrectTemplate (DRP.tests.httpTests.reactionPages.GetReactionView)
Check that the expected template is loaded. ... ERROR
test_Status (DRP.tests.httpTests.reactionPages.GetReactionView)
Check that the http response code is the expected value. ... ERROR
test_ValidHtml (DRP.tests.httpTests.reactionPages.GetReactionView)
Check HTML validity. ... ERROR
test_CorrectTemplate (DRP.tests.httpTests.reactionPages.PostReactionEditInvalid)
Check that the expected template is loaded. ... ERROR
test_Status (DRP.tests.httpTests.reactionPages.PostReactionEditInvalid)
Check that the http response code is the expected value. ... ERROR
test_ValidHtml (DRP.tests.httpTests.reactionPages.PostReactionEditInvalid)
Check HTML validity. ... ERROR
test_edit (DRP.tests.httpTests.reactionPages.PostReactionEditInvalid)
Test the edition. ... ERROR
test_CorrectTemplate (DRP.tests.httpTests.reactionPages.DeletePerformedReaction)
Check that the expected template is loaded. ... ERROR
test_Status (DRP.tests.httpTests.reactionPages.DeletePerformedReaction)
Check that the http response code is the expected value. ... ERROR
test_ValidHtml (DRP.tests.httpTests.reactionPages.DeletePerformedReaction)
Check HTML validity. ... ERROR
test_redirect (DRP.tests.httpTests.reactionPages.DeletePerformedReaction) ... ERROR
tests_deleted (DRP.tests.httpTests.reactionPages.DeletePerformedReaction)
Test the deletion. ... ERROR
test_CorrectTemplate (DRP.tests.httpTests.reactionPages.DeleteSomeoneElsesReaction)
Check that the expected template is loaded. ... ERROR
test_Status (DRP.tests.httpTests.reactionPages.DeleteSomeoneElsesReaction)
Check that the http response code is the expected value. ... ERROR
test_ValidHtml (DRP.tests.httpTests.reactionPages.DeleteSomeoneElsesReaction)
Check HTML validity. ... ERROR
test_redirect (DRP.tests.httpTests.reactionPages.DeleteSomeoneElsesReaction) ... ERROR
tests_deleted (DRP.tests.httpTests.reactionPages.DeleteSomeoneElsesReaction)
Test the deletion. ... ERROR
test_CorrectTemplate (DRP.tests.httpTests.reactionPages.DeleteNonexistentReaction)
Check that the expected template is loaded. ... ok
test_Status (DRP.tests.httpTests.reactionPages.DeleteNonexistentReaction)
Check that the http response code is the expected value. ... ok
test_ValidHtml (DRP.tests.httpTests.reactionPages.DeleteNonexistentReaction)
Check HTML validity. ... ok
test_redirect (DRP.tests.httpTests.reactionPages.DeleteNonexistentReaction) ... ok
test_CorrectTemplate (DRP.tests.httpTests.reactionPages.InvalidatePerformedReaction)
Check that the expected template is loaded. ... ERROR
test_Status (DRP.tests.httpTests.reactionPages.InvalidatePerformedReaction)
Check that the http response code is the expected value. ... ERROR
test_ValidHtml (DRP.tests.httpTests.reactionPages.InvalidatePerformedReaction)
Check HTML validity. ... ERROR
test_invalidation (DRP.tests.httpTests.reactionPages.InvalidatePerformedReaction)
Test the invalidation. ... ERROR
test_redirect (DRP.tests.httpTests.reactionPages.InvalidatePerformedReaction) ... ERROR
test_CorrectTemplate (DRP.tests.httpTests.reactionPages.InvalidateSomeoneElsesReaction)
Check that the expected template is loaded. ... ERROR
test_Status (DRP.tests.httpTests.reactionPages.InvalidateSomeoneElsesReaction)
Check that the http response code is the expected value. ... ERROR
test_ValidHtml (DRP.tests.httpTests.reactionPages.InvalidateSomeoneElsesReaction)
Check HTML validity. ... ERROR
test_invalidation (DRP.tests.httpTests.reactionPages.InvalidateSomeoneElsesReaction)
Test the invalidation. ... ERROR
test_redirect (DRP.tests.httpTests.reactionPages.InvalidateSomeoneElsesReaction) ... ERROR
test_CorrectTemplate (DRP.tests.httpTests.reactionPages.InvalidateNonexistentReaction)
Check that the expected template is loaded. ... ok
test_Status (DRP.tests.httpTests.reactionPages.InvalidateNonexistentReaction)
Check that the http response code is the expected value. ... ok
test_ValidHtml (DRP.tests.httpTests.reactionPages.InvalidateNonexistentReaction)
Check HTML validity. ... ok
test_redirect (DRP.tests.httpTests.reactionPages.InvalidateNonexistentReaction) ... ok
test_CorrectTemplate (DRP.tests.httpTests.reactionPages.PostReactantAddCreatingValid)
Check that the expected template is loaded. ... ERROR
test_Status (DRP.tests.httpTests.reactionPages.PostReactantAddCreatingValid)
Check that the http response code is the expected value. ... ERROR
test_ValidHtml (DRP.tests.httpTests.reactionPages.PostReactantAddCreatingValid)
Check HTML validity. ... ERROR
test_redirect (DRP.tests.httpTests.reactionPages.PostReactantAddCreatingValid) ... ERROR
test_CorrectTemplate (DRP.tests.httpTests.reactionPages.PostReactantAddCreatingValid2)
Check that the expected template is loaded. ... ERROR
test_Status (DRP.tests.httpTests.reactionPages.PostReactantAddCreatingValid2)
Check that the http response code is the expected value. ... ERROR
test_ValidHtml (DRP.tests.httpTests.reactionPages.PostReactantAddCreatingValid2)
Check HTML validity. ... ERROR
test_redirect (DRP.tests.httpTests.reactionPages.PostReactantAddCreatingValid2) ... ERROR
test_CorrectTemplate (DRP.tests.httpTests.reactionPages.PostReactantAddCreatingInvalid)
Check that the expected template is loaded. ... ERROR
test_Status (DRP.tests.httpTests.reactionPages.PostReactantAddCreatingInvalid)
Check that the http response code is the expected value. ... ERROR
test_ValidHtml (DRP.tests.httpTests.reactionPages.PostReactantAddCreatingInvalid)
Check HTML validity. ... ERROR
test_CorrectTemplate (DRP.tests.httpTests.reactionPages.PostReactantEditingValid)
Check that the expected template is loaded. ... ERROR
test_Status (DRP.tests.httpTests.reactionPages.PostReactantEditingValid)
Check that the http response code is the expected value. ... ERROR
test_ValidHtml (DRP.tests.httpTests.reactionPages.PostReactantEditingValid)
Check HTML validity. ... ERROR
test_edit (DRP.tests.httpTests.reactionPages.PostReactantEditingValid)
Check the invalidation. ... ERROR
test_redirect (DRP.tests.httpTests.reactionPages.PostReactantEditingValid) ... ERROR
test_CorrectTemplate (DRP.tests.httpTests.reactionPages.PostReactantDeleteValid)
Check that the expected template is loaded. ... ERROR
test_Status (DRP.tests.httpTests.reactionPages.PostReactantDeleteValid)
Check that the http response code is the expected value. ... ERROR
test_ValidHtml (DRP.tests.httpTests.reactionPages.PostReactantDeleteValid)
Check HTML validity. ... ERROR
test_delete (DRP.tests.httpTests.reactionPages.PostReactantDeleteValid)
Check the deletion. ... ERROR
test_redirect (DRP.tests.httpTests.reactionPages.PostReactantDeleteValid) ... ERROR
test_CorrectTemplate (DRP.tests.httpTests.reactionPages.CreateReactionDescValCreating)
Check that the expected template is loaded. ... ERROR
test_Status (DRP.tests.httpTests.reactionPages.CreateReactionDescValCreating)
Check that the http response code is the expected value. ... ERROR
test_ValidHtml (DRP.tests.httpTests.reactionPages.CreateReactionDescValCreating)
Check HTML validity. ... ERROR
test_created (DRP.tests.httpTests.reactionPages.CreateReactionDescValCreating)
test the creation. ... ERROR
test_redirect (DRP.tests.httpTests.reactionPages.CreateReactionDescValCreating) ... ERROR
test_CorrectTemplate (DRP.tests.httpTests.reactionPages.CreateReactionDescValEditing)
Check that the expected template is loaded. ... ERROR
test_Status (DRP.tests.httpTests.reactionPages.CreateReactionDescValEditing)
Check that the http response code is the expected value. ... ERROR
test_ValidHtml (DRP.tests.httpTests.reactionPages.CreateReactionDescValEditing)
Check HTML validity. ... ERROR
test_created (DRP.tests.httpTests.reactionPages.CreateReactionDescValEditing)
Test the object creation. ... ERROR
test_redirect (DRP.tests.httpTests.reactionPages.CreateReactionDescValEditing) ... ERROR
test_CorrectTemplate (DRP.tests.httpTests.reactionPages.DeleteReactionDescVal)
Check that the expected template is loaded. ... ERROR
test_Status (DRP.tests.httpTests.reactionPages.DeleteReactionDescVal)
Check that the http response code is the expected value. ... ERROR
test_ValidHtml (DRP.tests.httpTests.reactionPages.DeleteReactionDescVal)
Check HTML validity. ... ERROR
test_deleted (DRP.tests.httpTests.reactionPages.DeleteReactionDescVal)
Test the deletion. ... ERROR
test_redirect (DRP.tests.httpTests.reactionPages.DeleteReactionDescVal) ... ERROR
test_CorrectTemplate (DRP.tests.httpTests.reactionPages.EditReactionDescValInvalid)
Check that the expected template is loaded. ... ERROR
test_Status (DRP.tests.httpTests.reactionPages.EditReactionDescValInvalid)
Check that the http response code is the expected value. ... ERROR
test_ValidHtml (DRP.tests.httpTests.reactionPages.EditReactionDescValInvalid)
Check HTML validity. ... ERROR
test_created (DRP.tests.httpTests.reactionPages.EditReactionDescValInvalid)
Test the creation. ... ERROR

======================================================================
ERROR: test_CorrectTemplate (DRP.tests.httpTests.reactionPages.GetReactionEdit)
Check that the expected template is loaded.
----------------------------------------------------------------------
Traceback (most recent call last):
  File "/home/mdbyars/DRP/DRP/tests/httpTests/httpTest.py", line 186, in setUp
    _oldSetUp(self)
  File "/home/mdbyars/DRP/DRP/tests/decorators.py", line 394, in setUp
    _oldSetup(self)
  File "/home/mdbyars/DRP/DRP/tests/decorators.py", line 367, in setUp
    _oldSetup(self)
  File "/home/mdbyars/DRP/DRP/tests/decorators.py", line 127, in setUp
    public = public
UnboundLocalError: local variable 'public' referenced before assignment

======================================================================
ERROR: test_Status (DRP.tests.httpTests.reactionPages.GetReactionEdit)
Check that the http response code is the expected value.
----------------------------------------------------------------------
Traceback (most recent call last):
  File "/home/mdbyars/DRP/DRP/tests/httpTests/httpTest.py", line 186, in setUp
    _oldSetUp(self)
  File "/home/mdbyars/DRP/DRP/tests/decorators.py", line 394, in setUp
    _oldSetup(self)
  File "/home/mdbyars/DRP/DRP/tests/decorators.py", line 367, in setUp
    _oldSetup(self)
  File "/home/mdbyars/DRP/DRP/tests/decorators.py", line 127, in setUp
    public = public
UnboundLocalError: local variable 'public' referenced before assignment

======================================================================
ERROR: test_ValidHtml (DRP.tests.httpTests.reactionPages.GetReactionEdit)
Check HTML validity.
----------------------------------------------------------------------
Traceback (most recent call last):
  File "/home/mdbyars/DRP/DRP/tests/httpTests/httpTest.py", line 186, in setUp
    _oldSetUp(self)
  File "/home/mdbyars/DRP/DRP/tests/decorators.py", line 394, in setUp
    _oldSetup(self)
  File "/home/mdbyars/DRP/DRP/tests/decorators.py", line 367, in setUp
    _oldSetup(self)
  File "/home/mdbyars/DRP/DRP/tests/decorators.py", line 127, in setUp
    public = public
UnboundLocalError: local variable 'public' referenced before assignment

======================================================================
ERROR: test_CorrectTemplate (DRP.tests.httpTests.reactionPages.GetReactionEdit2)
Check that the expected template is loaded.
----------------------------------------------------------------------
Traceback (most recent call last):
  File "/home/mdbyars/DRP/DRP/tests/httpTests/httpTest.py", line 186, in setUp
    _oldSetUp(self)
  File "/home/mdbyars/DRP/DRP/tests/decorators.py", line 394, in setUp
    _oldSetup(self)
  File "/home/mdbyars/DRP/DRP/tests/decorators.py", line 367, in setUp
    _oldSetup(self)
  File "/home/mdbyars/DRP/DRP/tests/decorators.py", line 127, in setUp
    public = public
UnboundLocalError: local variable 'public' referenced before assignment

======================================================================
ERROR: test_Status (DRP.tests.httpTests.reactionPages.GetReactionEdit2)
Check that the http response code is the expected value.
----------------------------------------------------------------------
Traceback (most recent call last):
  File "/home/mdbyars/DRP/DRP/tests/httpTests/httpTest.py", line 186, in setUp
    _oldSetUp(self)
  File "/home/mdbyars/DRP/DRP/tests/decorators.py", line 394, in setUp
    _oldSetup(self)
  File "/home/mdbyars/DRP/DRP/tests/decorators.py", line 367, in setUp
    _oldSetup(self)
  File "/home/mdbyars/DRP/DRP/tests/decorators.py", line 127, in setUp
    public = public
UnboundLocalError: local variable 'public' referenced before assignment

======================================================================
ERROR: test_ValidHtml (DRP.tests.httpTests.reactionPages.GetReactionEdit2)
Check HTML validity.
----------------------------------------------------------------------
Traceback (most recent call last):
  File "/home/mdbyars/DRP/DRP/tests/httpTests/httpTest.py", line 186, in setUp
    _oldSetUp(self)
  File "/home/mdbyars/DRP/DRP/tests/decorators.py", line 394, in setUp
    _oldSetup(self)
  File "/home/mdbyars/DRP/DRP/tests/decorators.py", line 367, in setUp
    _oldSetup(self)
  File "/home/mdbyars/DRP/DRP/tests/decorators.py", line 127, in setUp
    public = public
UnboundLocalError: local variable 'public' referenced before assignment

======================================================================
ERROR: test_CorrectTemplate (DRP.tests.httpTests.reactionPages.GetSomeoneElsesReactionEdit)
Check that the expected template is loaded.
----------------------------------------------------------------------
Traceback (most recent call last):
  File "/home/mdbyars/DRP/DRP/tests/httpTests/httpTest.py", line 186, in setUp
    _oldSetUp(self)
  File "/home/mdbyars/DRP/DRP/tests/decorators.py", line 261, in setUp
    _oldSetup(self)
  File "/home/mdbyars/DRP/DRP/tests/decorators.py", line 394, in setUp
    _oldSetup(self)
  File "/home/mdbyars/DRP/DRP/tests/decorators.py", line 394, in setUp
    _oldSetup(self)
  File "/home/mdbyars/DRP/DRP/tests/decorators.py", line 367, in setUp
    _oldSetup(self)
  File "/home/mdbyars/DRP/DRP/tests/decorators.py", line 367, in setUp
    _oldSetup(self)
  File "/home/mdbyars/DRP/DRP/tests/decorators.py", line 127, in setUp
    public = public
UnboundLocalError: local variable 'public' referenced before assignment

======================================================================
ERROR: test_Status (DRP.tests.httpTests.reactionPages.GetSomeoneElsesReactionEdit)
Check that the http response code is the expected value.
----------------------------------------------------------------------
Traceback (most recent call last):
  File "/home/mdbyars/DRP/DRP/tests/httpTests/httpTest.py", line 186, in setUp
    _oldSetUp(self)
  File "/home/mdbyars/DRP/DRP/tests/decorators.py", line 261, in setUp
    _oldSetup(self)
  File "/home/mdbyars/DRP/DRP/tests/decorators.py", line 394, in setUp
    _oldSetup(self)
  File "/home/mdbyars/DRP/DRP/tests/decorators.py", line 394, in setUp
    _oldSetup(self)
  File "/home/mdbyars/DRP/DRP/tests/decorators.py", line 367, in setUp
    _oldSetup(self)
  File "/home/mdbyars/DRP/DRP/tests/decorators.py", line 367, in setUp
    _oldSetup(self)
  File "/home/mdbyars/DRP/DRP/tests/decorators.py", line 127, in setUp
    public = public
UnboundLocalError: local variable 'public' referenced before assignment

======================================================================
ERROR: test_ValidHtml (DRP.tests.httpTests.reactionPages.GetSomeoneElsesReactionEdit)
Check HTML validity.
----------------------------------------------------------------------
Traceback (most recent call last):
  File "/home/mdbyars/DRP/DRP/tests/httpTests/httpTest.py", line 186, in setUp
    _oldSetUp(self)
  File "/home/mdbyars/DRP/DRP/tests/decorators.py", line 261, in setUp
    _oldSetup(self)
  File "/home/mdbyars/DRP/DRP/tests/decorators.py", line 394, in setUp
    _oldSetup(self)
  File "/home/mdbyars/DRP/DRP/tests/decorators.py", line 394, in setUp
    _oldSetup(self)
  File "/home/mdbyars/DRP/DRP/tests/decorators.py", line 367, in setUp
    _oldSetup(self)
  File "/home/mdbyars/DRP/DRP/tests/decorators.py", line 367, in setUp
    _oldSetup(self)
  File "/home/mdbyars/DRP/DRP/tests/decorators.py", line 127, in setUp
    public = public
UnboundLocalError: local variable 'public' referenced before assignment

======================================================================
ERROR: test_CorrectTemplate (DRP.tests.httpTests.reactionPages.PostReactionEditValid)
Check that the expected template is loaded.
----------------------------------------------------------------------
Traceback (most recent call last):
  File "/home/mdbyars/DRP/DRP/tests/httpTests/httpTest.py", line 186, in setUp
    _oldSetUp(self)
  File "/home/mdbyars/DRP/DRP/tests/decorators.py", line 394, in setUp
    _oldSetup(self)
  File "/home/mdbyars/DRP/DRP/tests/decorators.py", line 367, in setUp
    _oldSetup(self)
  File "/home/mdbyars/DRP/DRP/tests/decorators.py", line 127, in setUp
    public = public
UnboundLocalError: local variable 'public' referenced before assignment

======================================================================
ERROR: test_Status (DRP.tests.httpTests.reactionPages.PostReactionEditValid)
Check that the http response code is the expected value.
----------------------------------------------------------------------
Traceback (most recent call last):
  File "/home/mdbyars/DRP/DRP/tests/httpTests/httpTest.py", line 186, in setUp
    _oldSetUp(self)
  File "/home/mdbyars/DRP/DRP/tests/decorators.py", line 394, in setUp
    _oldSetup(self)
  File "/home/mdbyars/DRP/DRP/tests/decorators.py", line 367, in setUp
    _oldSetup(self)
  File "/home/mdbyars/DRP/DRP/tests/decorators.py", line 127, in setUp
    public = public
UnboundLocalError: local variable 'public' referenced before assignment

======================================================================
ERROR: test_ValidHtml (DRP.tests.httpTests.reactionPages.PostReactionEditValid)
Check HTML validity.
----------------------------------------------------------------------
Traceback (most recent call last):
  File "/home/mdbyars/DRP/DRP/tests/httpTests/httpTest.py", line 186, in setUp
    _oldSetUp(self)
  File "/home/mdbyars/DRP/DRP/tests/decorators.py", line 394, in setUp
    _oldSetup(self)
  File "/home/mdbyars/DRP/DRP/tests/decorators.py", line 367, in setUp
    _oldSetup(self)
  File "/home/mdbyars/DRP/DRP/tests/decorators.py", line 127, in setUp
    public = public
UnboundLocalError: local variable 'public' referenced before assignment

======================================================================
ERROR: test_edit (DRP.tests.httpTests.reactionPages.PostReactionEditValid)
Test that the edition actually worked.
----------------------------------------------------------------------
Traceback (most recent call last):
  File "/home/mdbyars/DRP/DRP/tests/httpTests/httpTest.py", line 186, in setUp
    _oldSetUp(self)
  File "/home/mdbyars/DRP/DRP/tests/decorators.py", line 394, in setUp
    _oldSetup(self)
  File "/home/mdbyars/DRP/DRP/tests/decorators.py", line 367, in setUp
    _oldSetup(self)
  File "/home/mdbyars/DRP/DRP/tests/decorators.py", line 127, in setUp
    public = public
UnboundLocalError: local variable 'public' referenced before assignment

======================================================================
ERROR: test_image (DRP.tests.httpTests.reactionPages.PostReactionEditValid)
Test the files presence.
----------------------------------------------------------------------
Traceback (most recent call last):
  File "/home/mdbyars/DRP/DRP/tests/httpTests/httpTest.py", line 186, in setUp
    _oldSetUp(self)
  File "/home/mdbyars/DRP/DRP/tests/decorators.py", line 394, in setUp
    _oldSetup(self)
  File "/home/mdbyars/DRP/DRP/tests/decorators.py", line 367, in setUp
    _oldSetup(self)
  File "/home/mdbyars/DRP/DRP/tests/decorators.py", line 127, in setUp
    public = public
UnboundLocalError: local variable 'public' referenced before assignment

======================================================================
ERROR: test_CorrectTemplate (DRP.tests.httpTests.reactionPages.GetReactionView)
Check that the expected template is loaded.
----------------------------------------------------------------------
Traceback (most recent call last):
  File "/home/mdbyars/DRP/DRP/tests/httpTests/httpTest.py", line 186, in setUp
    _oldSetUp(self)
  File "/home/mdbyars/DRP/DRP/tests/decorators.py", line 394, in setUp
    _oldSetup(self)
  File "/home/mdbyars/DRP/DRP/tests/decorators.py", line 367, in setUp
    _oldSetup(self)
  File "/home/mdbyars/DRP/DRP/tests/decorators.py", line 127, in setUp
    public = public
UnboundLocalError: local variable 'public' referenced before assignment

======================================================================
ERROR: test_Status (DRP.tests.httpTests.reactionPages.GetReactionView)
Check that the http response code is the expected value.
----------------------------------------------------------------------
Traceback (most recent call last):
  File "/home/mdbyars/DRP/DRP/tests/httpTests/httpTest.py", line 186, in setUp
    _oldSetUp(self)
  File "/home/mdbyars/DRP/DRP/tests/decorators.py", line 394, in setUp
    _oldSetup(self)
  File "/home/mdbyars/DRP/DRP/tests/decorators.py", line 367, in setUp
    _oldSetup(self)
  File "/home/mdbyars/DRP/DRP/tests/decorators.py", line 127, in setUp
    public = public
UnboundLocalError: local variable 'public' referenced before assignment

======================================================================
ERROR: test_ValidHtml (DRP.tests.httpTests.reactionPages.GetReactionView)
Check HTML validity.
----------------------------------------------------------------------
Traceback (most recent call last):
  File "/home/mdbyars/DRP/DRP/tests/httpTests/httpTest.py", line 186, in setUp
    _oldSetUp(self)
  File "/home/mdbyars/DRP/DRP/tests/decorators.py", line 394, in setUp
    _oldSetup(self)
  File "/home/mdbyars/DRP/DRP/tests/decorators.py", line 367, in setUp
    _oldSetup(self)
  File "/home/mdbyars/DRP/DRP/tests/decorators.py", line 127, in setUp
    public = public
UnboundLocalError: local variable 'public' referenced before assignment

======================================================================
ERROR: test_CorrectTemplate (DRP.tests.httpTests.reactionPages.PostReactionEditInvalid)
Check that the expected template is loaded.
----------------------------------------------------------------------
Traceback (most recent call last):
  File "/home/mdbyars/DRP/DRP/tests/httpTests/httpTest.py", line 186, in setUp
    _oldSetUp(self)
  File "/home/mdbyars/DRP/DRP/tests/decorators.py", line 394, in setUp
    _oldSetup(self)
  File "/home/mdbyars/DRP/DRP/tests/decorators.py", line 367, in setUp
    _oldSetup(self)
  File "/home/mdbyars/DRP/DRP/tests/decorators.py", line 127, in setUp
    public = public
UnboundLocalError: local variable 'public' referenced before assignment

======================================================================
ERROR: test_Status (DRP.tests.httpTests.reactionPages.PostReactionEditInvalid)
Check that the http response code is the expected value.
----------------------------------------------------------------------
Traceback (most recent call last):
  File "/home/mdbyars/DRP/DRP/tests/httpTests/httpTest.py", line 186, in setUp
    _oldSetUp(self)
  File "/home/mdbyars/DRP/DRP/tests/decorators.py", line 394, in setUp
    _oldSetup(self)
  File "/home/mdbyars/DRP/DRP/tests/decorators.py", line 367, in setUp
    _oldSetup(self)
  File "/home/mdbyars/DRP/DRP/tests/decorators.py", line 127, in setUp
    public = public
UnboundLocalError: local variable 'public' referenced before assignment

======================================================================
ERROR: test_ValidHtml (DRP.tests.httpTests.reactionPages.PostReactionEditInvalid)
Check HTML validity.
----------------------------------------------------------------------
Traceback (most recent call last):
  File "/home/mdbyars/DRP/DRP/tests/httpTests/httpTest.py", line 186, in setUp
    _oldSetUp(self)
  File "/home/mdbyars/DRP/DRP/tests/decorators.py", line 394, in setUp
    _oldSetup(self)
  File "/home/mdbyars/DRP/DRP/tests/decorators.py", line 367, in setUp
    _oldSetup(self)
  File "/home/mdbyars/DRP/DRP/tests/decorators.py", line 127, in setUp
    public = public
UnboundLocalError: local variable 'public' referenced before assignment

======================================================================
ERROR: test_edit (DRP.tests.httpTests.reactionPages.PostReactionEditInvalid)
Test the edition.
----------------------------------------------------------------------
Traceback (most recent call last):
  File "/home/mdbyars/DRP/DRP/tests/httpTests/httpTest.py", line 186, in setUp
    _oldSetUp(self)
  File "/home/mdbyars/DRP/DRP/tests/decorators.py", line 394, in setUp
    _oldSetup(self)
  File "/home/mdbyars/DRP/DRP/tests/decorators.py", line 367, in setUp
    _oldSetup(self)
  File "/home/mdbyars/DRP/DRP/tests/decorators.py", line 127, in setUp
    public = public
UnboundLocalError: local variable 'public' referenced before assignment

======================================================================
ERROR: test_CorrectTemplate (DRP.tests.httpTests.reactionPages.DeletePerformedReaction)
Check that the expected template is loaded.
----------------------------------------------------------------------
Traceback (most recent call last):
  File "/home/mdbyars/DRP/DRP/tests/httpTests/httpTest.py", line 186, in setUp
    _oldSetUp(self)
  File "/home/mdbyars/DRP/DRP/tests/decorators.py", line 394, in setUp
    _oldSetup(self)
  File "/home/mdbyars/DRP/DRP/tests/decorators.py", line 367, in setUp
    _oldSetup(self)
  File "/home/mdbyars/DRP/DRP/tests/decorators.py", line 127, in setUp
    public = public
UnboundLocalError: local variable 'public' referenced before assignment

======================================================================
ERROR: test_Status (DRP.tests.httpTests.reactionPages.DeletePerformedReaction)
Check that the http response code is the expected value.
----------------------------------------------------------------------
Traceback (most recent call last):
  File "/home/mdbyars/DRP/DRP/tests/httpTests/httpTest.py", line 186, in setUp
    _oldSetUp(self)
  File "/home/mdbyars/DRP/DRP/tests/decorators.py", line 394, in setUp
    _oldSetup(self)
  File "/home/mdbyars/DRP/DRP/tests/decorators.py", line 367, in setUp
    _oldSetup(self)
  File "/home/mdbyars/DRP/DRP/tests/decorators.py", line 127, in setUp
    public = public
UnboundLocalError: local variable 'public' referenced before assignment

======================================================================
ERROR: test_ValidHtml (DRP.tests.httpTests.reactionPages.DeletePerformedReaction)
Check HTML validity.
----------------------------------------------------------------------
Traceback (most recent call last):
  File "/home/mdbyars/DRP/DRP/tests/httpTests/httpTest.py", line 186, in setUp
    _oldSetUp(self)
  File "/home/mdbyars/DRP/DRP/tests/decorators.py", line 394, in setUp
    _oldSetup(self)
  File "/home/mdbyars/DRP/DRP/tests/decorators.py", line 367, in setUp
    _oldSetup(self)
  File "/home/mdbyars/DRP/DRP/tests/decorators.py", line 127, in setUp
    public = public
UnboundLocalError: local variable 'public' referenced before assignment

======================================================================
ERROR: test_redirect (DRP.tests.httpTests.reactionPages.DeletePerformedReaction)
----------------------------------------------------------------------
Traceback (most recent call last):
  File "/home/mdbyars/DRP/DRP/tests/httpTests/httpTest.py", line 186, in setUp
    _oldSetUp(self)
  File "/home/mdbyars/DRP/DRP/tests/decorators.py", line 394, in setUp
    _oldSetup(self)
  File "/home/mdbyars/DRP/DRP/tests/decorators.py", line 367, in setUp
    _oldSetup(self)
  File "/home/mdbyars/DRP/DRP/tests/decorators.py", line 127, in setUp
    public = public
UnboundLocalError: local variable 'public' referenced before assignment

======================================================================
ERROR: tests_deleted (DRP.tests.httpTests.reactionPages.DeletePerformedReaction)
Test the deletion.
----------------------------------------------------------------------
Traceback (most recent call last):
  File "/home/mdbyars/DRP/DRP/tests/httpTests/httpTest.py", line 186, in setUp
    _oldSetUp(self)
  File "/home/mdbyars/DRP/DRP/tests/decorators.py", line 394, in setUp
    _oldSetup(self)
  File "/home/mdbyars/DRP/DRP/tests/decorators.py", line 367, in setUp
    _oldSetup(self)
  File "/home/mdbyars/DRP/DRP/tests/decorators.py", line 127, in setUp
    public = public
UnboundLocalError: local variable 'public' referenced before assignment

======================================================================
ERROR: test_CorrectTemplate (DRP.tests.httpTests.reactionPages.DeleteSomeoneElsesReaction)
Check that the expected template is loaded.
----------------------------------------------------------------------
Traceback (most recent call last):
  File "/home/mdbyars/DRP/DRP/tests/httpTests/httpTest.py", line 186, in setUp
    _oldSetUp(self)
  File "/home/mdbyars/DRP/DRP/tests/decorators.py", line 261, in setUp
    _oldSetup(self)
  File "/home/mdbyars/DRP/DRP/tests/decorators.py", line 394, in setUp
    _oldSetup(self)
  File "/home/mdbyars/DRP/DRP/tests/decorators.py", line 394, in setUp
    _oldSetup(self)
  File "/home/mdbyars/DRP/DRP/tests/decorators.py", line 367, in setUp
    _oldSetup(self)
  File "/home/mdbyars/DRP/DRP/tests/decorators.py", line 367, in setUp
    _oldSetup(self)
  File "/home/mdbyars/DRP/DRP/tests/decorators.py", line 127, in setUp
    public = public
UnboundLocalError: local variable 'public' referenced before assignment

======================================================================
ERROR: test_Status (DRP.tests.httpTests.reactionPages.DeleteSomeoneElsesReaction)
Check that the http response code is the expected value.
----------------------------------------------------------------------
Traceback (most recent call last):
  File "/home/mdbyars/DRP/DRP/tests/httpTests/httpTest.py", line 186, in setUp
    _oldSetUp(self)
  File "/home/mdbyars/DRP/DRP/tests/decorators.py", line 261, in setUp
    _oldSetup(self)
  File "/home/mdbyars/DRP/DRP/tests/decorators.py", line 394, in setUp
    _oldSetup(self)
  File "/home/mdbyars/DRP/DRP/tests/decorators.py", line 394, in setUp
    _oldSetup(self)
  File "/home/mdbyars/DRP/DRP/tests/decorators.py", line 367, in setUp
    _oldSetup(self)
  File "/home/mdbyars/DRP/DRP/tests/decorators.py", line 367, in setUp
    _oldSetup(self)
  File "/home/mdbyars/DRP/DRP/tests/decorators.py", line 127, in setUp
    public = public
UnboundLocalError: local variable 'public' referenced before assignment

======================================================================
ERROR: test_ValidHtml (DRP.tests.httpTests.reactionPages.DeleteSomeoneElsesReaction)
Check HTML validity.
----------------------------------------------------------------------
Traceback (most recent call last):
  File "/home/mdbyars/DRP/DRP/tests/httpTests/httpTest.py", line 186, in setUp
    _oldSetUp(self)
  File "/home/mdbyars/DRP/DRP/tests/decorators.py", line 261, in setUp
    _oldSetup(self)
  File "/home/mdbyars/DRP/DRP/tests/decorators.py", line 394, in setUp
    _oldSetup(self)
  File "/home/mdbyars/DRP/DRP/tests/decorators.py", line 394, in setUp
    _oldSetup(self)
  File "/home/mdbyars/DRP/DRP/tests/decorators.py", line 367, in setUp
    _oldSetup(self)
  File "/home/mdbyars/DRP/DRP/tests/decorators.py", line 367, in setUp
    _oldSetup(self)
  File "/home/mdbyars/DRP/DRP/tests/decorators.py", line 127, in setUp
    public = public
UnboundLocalError: local variable 'public' referenced before assignment

======================================================================
ERROR: test_redirect (DRP.tests.httpTests.reactionPages.DeleteSomeoneElsesReaction)
----------------------------------------------------------------------
Traceback (most recent call last):
  File "/home/mdbyars/DRP/DRP/tests/httpTests/httpTest.py", line 186, in setUp
    _oldSetUp(self)
  File "/home/mdbyars/DRP/DRP/tests/decorators.py", line 261, in setUp
    _oldSetup(self)
  File "/home/mdbyars/DRP/DRP/tests/decorators.py", line 394, in setUp
    _oldSetup(self)
  File "/home/mdbyars/DRP/DRP/tests/decorators.py", line 394, in setUp
    _oldSetup(self)
  File "/home/mdbyars/DRP/DRP/tests/decorators.py", line 367, in setUp
    _oldSetup(self)
  File "/home/mdbyars/DRP/DRP/tests/decorators.py", line 367, in setUp
    _oldSetup(self)
  File "/home/mdbyars/DRP/DRP/tests/decorators.py", line 127, in setUp
    public = public
UnboundLocalError: local variable 'public' referenced before assignment

======================================================================
ERROR: tests_deleted (DRP.tests.httpTests.reactionPages.DeleteSomeoneElsesReaction)
Test the deletion.
----------------------------------------------------------------------
Traceback (most recent call last):
  File "/home/mdbyars/DRP/DRP/tests/httpTests/httpTest.py", line 186, in setUp
    _oldSetUp(self)
  File "/home/mdbyars/DRP/DRP/tests/decorators.py", line 261, in setUp
    _oldSetup(self)
  File "/home/mdbyars/DRP/DRP/tests/decorators.py", line 394, in setUp
    _oldSetup(self)
  File "/home/mdbyars/DRP/DRP/tests/decorators.py", line 394, in setUp
    _oldSetup(self)
  File "/home/mdbyars/DRP/DRP/tests/decorators.py", line 367, in setUp
    _oldSetup(self)
  File "/home/mdbyars/DRP/DRP/tests/decorators.py", line 367, in setUp
    _oldSetup(self)
  File "/home/mdbyars/DRP/DRP/tests/decorators.py", line 127, in setUp
    public = public
UnboundLocalError: local variable 'public' referenced before assignment

======================================================================
ERROR: test_CorrectTemplate (DRP.tests.httpTests.reactionPages.InvalidatePerformedReaction)
Check that the expected template is loaded.
----------------------------------------------------------------------
Traceback (most recent call last):
  File "/home/mdbyars/DRP/DRP/tests/httpTests/httpTest.py", line 186, in setUp
    _oldSetUp(self)
  File "/home/mdbyars/DRP/DRP/tests/decorators.py", line 394, in setUp
    _oldSetup(self)
  File "/home/mdbyars/DRP/DRP/tests/decorators.py", line 367, in setUp
    _oldSetup(self)
  File "/home/mdbyars/DRP/DRP/tests/decorators.py", line 127, in setUp
    public = public
UnboundLocalError: local variable 'public' referenced before assignment

======================================================================
ERROR: test_Status (DRP.tests.httpTests.reactionPages.InvalidatePerformedReaction)
Check that the http response code is the expected value.
----------------------------------------------------------------------
Traceback (most recent call last):
  File "/home/mdbyars/DRP/DRP/tests/httpTests/httpTest.py", line 186, in setUp
    _oldSetUp(self)
  File "/home/mdbyars/DRP/DRP/tests/decorators.py", line 394, in setUp
    _oldSetup(self)
  File "/home/mdbyars/DRP/DRP/tests/decorators.py", line 367, in setUp
    _oldSetup(self)
  File "/home/mdbyars/DRP/DRP/tests/decorators.py", line 127, in setUp
    public = public
UnboundLocalError: local variable 'public' referenced before assignment

======================================================================
ERROR: test_ValidHtml (DRP.tests.httpTests.reactionPages.InvalidatePerformedReaction)
Check HTML validity.
----------------------------------------------------------------------
Traceback (most recent call last):
  File "/home/mdbyars/DRP/DRP/tests/httpTests/httpTest.py", line 186, in setUp
    _oldSetUp(self)
  File "/home/mdbyars/DRP/DRP/tests/decorators.py", line 394, in setUp
    _oldSetup(self)
  File "/home/mdbyars/DRP/DRP/tests/decorators.py", line 367, in setUp
    _oldSetup(self)
  File "/home/mdbyars/DRP/DRP/tests/decorators.py", line 127, in setUp
    public = public
UnboundLocalError: local variable 'public' referenced before assignment

======================================================================
ERROR: test_invalidation (DRP.tests.httpTests.reactionPages.InvalidatePerformedReaction)
Test the invalidation.
----------------------------------------------------------------------
Traceback (most recent call last):
  File "/home/mdbyars/DRP/DRP/tests/httpTests/httpTest.py", line 186, in setUp
    _oldSetUp(self)
  File "/home/mdbyars/DRP/DRP/tests/decorators.py", line 394, in setUp
    _oldSetup(self)
  File "/home/mdbyars/DRP/DRP/tests/decorators.py", line 367, in setUp
    _oldSetup(self)
  File "/home/mdbyars/DRP/DRP/tests/decorators.py", line 127, in setUp
    public = public
UnboundLocalError: local variable 'public' referenced before assignment

======================================================================
ERROR: test_redirect (DRP.tests.httpTests.reactionPages.InvalidatePerformedReaction)
----------------------------------------------------------------------
Traceback (most recent call last):
  File "/home/mdbyars/DRP/DRP/tests/httpTests/httpTest.py", line 186, in setUp
    _oldSetUp(self)
  File "/home/mdbyars/DRP/DRP/tests/decorators.py", line 394, in setUp
    _oldSetup(self)
  File "/home/mdbyars/DRP/DRP/tests/decorators.py", line 367, in setUp
    _oldSetup(self)
  File "/home/mdbyars/DRP/DRP/tests/decorators.py", line 127, in setUp
    public = public
UnboundLocalError: local variable 'public' referenced before assignment

======================================================================
ERROR: test_CorrectTemplate (DRP.tests.httpTests.reactionPages.InvalidateSomeoneElsesReaction)
Check that the expected template is loaded.
----------------------------------------------------------------------
Traceback (most recent call last):
  File "/home/mdbyars/DRP/DRP/tests/httpTests/httpTest.py", line 186, in setUp
    _oldSetUp(self)
  File "/home/mdbyars/DRP/DRP/tests/decorators.py", line 261, in setUp
    _oldSetup(self)
  File "/home/mdbyars/DRP/DRP/tests/decorators.py", line 394, in setUp
    _oldSetup(self)
  File "/home/mdbyars/DRP/DRP/tests/decorators.py", line 394, in setUp
    _oldSetup(self)
  File "/home/mdbyars/DRP/DRP/tests/decorators.py", line 367, in setUp
    _oldSetup(self)
  File "/home/mdbyars/DRP/DRP/tests/decorators.py", line 367, in setUp
    _oldSetup(self)
  File "/home/mdbyars/DRP/DRP/tests/decorators.py", line 127, in setUp
    public = public
UnboundLocalError: local variable 'public' referenced before assignment

======================================================================
ERROR: test_Status (DRP.tests.httpTests.reactionPages.InvalidateSomeoneElsesReaction)
Check that the http response code is the expected value.
----------------------------------------------------------------------
Traceback (most recent call last):
  File "/home/mdbyars/DRP/DRP/tests/httpTests/httpTest.py", line 186, in setUp
    _oldSetUp(self)
  File "/home/mdbyars/DRP/DRP/tests/decorators.py", line 261, in setUp
    _oldSetup(self)
  File "/home/mdbyars/DRP/DRP/tests/decorators.py", line 394, in setUp
    _oldSetup(self)
  File "/home/mdbyars/DRP/DRP/tests/decorators.py", line 394, in setUp
    _oldSetup(self)
  File "/home/mdbyars/DRP/DRP/tests/decorators.py", line 367, in setUp
    _oldSetup(self)
  File "/home/mdbyars/DRP/DRP/tests/decorators.py", line 367, in setUp
    _oldSetup(self)
  File "/home/mdbyars/DRP/DRP/tests/decorators.py", line 127, in setUp
    public = public
UnboundLocalError: local variable 'public' referenced before assignment

======================================================================
ERROR: test_ValidHtml (DRP.tests.httpTests.reactionPages.InvalidateSomeoneElsesReaction)
Check HTML validity.
----------------------------------------------------------------------
Traceback (most recent call last):
  File "/home/mdbyars/DRP/DRP/tests/httpTests/httpTest.py", line 186, in setUp
    _oldSetUp(self)
  File "/home/mdbyars/DRP/DRP/tests/decorators.py", line 261, in setUp
    _oldSetup(self)
  File "/home/mdbyars/DRP/DRP/tests/decorators.py", line 394, in setUp
    _oldSetup(self)
  File "/home/mdbyars/DRP/DRP/tests/decorators.py", line 394, in setUp
    _oldSetup(self)
  File "/home/mdbyars/DRP/DRP/tests/decorators.py", line 367, in setUp
    _oldSetup(self)
  File "/home/mdbyars/DRP/DRP/tests/decorators.py", line 367, in setUp
    _oldSetup(self)
  File "/home/mdbyars/DRP/DRP/tests/decorators.py", line 127, in setUp
    public = public
UnboundLocalError: local variable 'public' referenced before assignment

======================================================================
ERROR: test_invalidation (DRP.tests.httpTests.reactionPages.InvalidateSomeoneElsesReaction)
Test the invalidation.
----------------------------------------------------------------------
Traceback (most recent call last):
  File "/home/mdbyars/DRP/DRP/tests/httpTests/httpTest.py", line 186, in setUp
    _oldSetUp(self)
  File "/home/mdbyars/DRP/DRP/tests/decorators.py", line 261, in setUp
    _oldSetup(self)
  File "/home/mdbyars/DRP/DRP/tests/decorators.py", line 394, in setUp
    _oldSetup(self)
  File "/home/mdbyars/DRP/DRP/tests/decorators.py", line 394, in setUp
    _oldSetup(self)
  File "/home/mdbyars/DRP/DRP/tests/decorators.py", line 367, in setUp
    _oldSetup(self)
  File "/home/mdbyars/DRP/DRP/tests/decorators.py", line 367, in setUp
    _oldSetup(self)
  File "/home/mdbyars/DRP/DRP/tests/decorators.py", line 127, in setUp
    public = public
UnboundLocalError: local variable 'public' referenced before assignment

======================================================================
ERROR: test_redirect (DRP.tests.httpTests.reactionPages.InvalidateSomeoneElsesReaction)
----------------------------------------------------------------------
Traceback (most recent call last):
  File "/home/mdbyars/DRP/DRP/tests/httpTests/httpTest.py", line 186, in setUp
    _oldSetUp(self)
  File "/home/mdbyars/DRP/DRP/tests/decorators.py", line 261, in setUp
    _oldSetup(self)
  File "/home/mdbyars/DRP/DRP/tests/decorators.py", line 394, in setUp
    _oldSetup(self)
  File "/home/mdbyars/DRP/DRP/tests/decorators.py", line 394, in setUp
    _oldSetup(self)
  File "/home/mdbyars/DRP/DRP/tests/decorators.py", line 367, in setUp
    _oldSetup(self)
  File "/home/mdbyars/DRP/DRP/tests/decorators.py", line 367, in setUp
    _oldSetup(self)
  File "/home/mdbyars/DRP/DRP/tests/decorators.py", line 127, in setUp
    public = public
UnboundLocalError: local variable 'public' referenced before assignment

======================================================================
ERROR: test_CorrectTemplate (DRP.tests.httpTests.reactionPages.PostReactantAddCreatingValid)
Check that the expected template is loaded.
----------------------------------------------------------------------
Traceback (most recent call last):
  File "/home/mdbyars/DRP/DRP/tests/httpTests/httpTest.py", line 186, in setUp
    _oldSetUp(self)
  File "/home/mdbyars/DRP/DRP/tests/decorators.py", line 394, in setUp
    _oldSetup(self)
  File "/home/mdbyars/DRP/DRP/tests/decorators.py", line 367, in setUp
    _oldSetup(self)
  File "/home/mdbyars/DRP/DRP/tests/decorators.py", line 127, in setUp
    public = public
UnboundLocalError: local variable 'public' referenced before assignment

======================================================================
ERROR: test_Status (DRP.tests.httpTests.reactionPages.PostReactantAddCreatingValid)
Check that the http response code is the expected value.
----------------------------------------------------------------------
Traceback (most recent call last):
  File "/home/mdbyars/DRP/DRP/tests/httpTests/httpTest.py", line 186, in setUp
    _oldSetUp(self)
  File "/home/mdbyars/DRP/DRP/tests/decorators.py", line 394, in setUp
    _oldSetup(self)
  File "/home/mdbyars/DRP/DRP/tests/decorators.py", line 367, in setUp
    _oldSetup(self)
  File "/home/mdbyars/DRP/DRP/tests/decorators.py", line 127, in setUp
    public = public
UnboundLocalError: local variable 'public' referenced before assignment

======================================================================
ERROR: test_ValidHtml (DRP.tests.httpTests.reactionPages.PostReactantAddCreatingValid)
Check HTML validity.
----------------------------------------------------------------------
Traceback (most recent call last):
  File "/home/mdbyars/DRP/DRP/tests/httpTests/httpTest.py", line 186, in setUp
    _oldSetUp(self)
  File "/home/mdbyars/DRP/DRP/tests/decorators.py", line 394, in setUp
    _oldSetup(self)
  File "/home/mdbyars/DRP/DRP/tests/decorators.py", line 367, in setUp
    _oldSetup(self)
  File "/home/mdbyars/DRP/DRP/tests/decorators.py", line 127, in setUp
    public = public
UnboundLocalError: local variable 'public' referenced before assignment

======================================================================
ERROR: test_redirect (DRP.tests.httpTests.reactionPages.PostReactantAddCreatingValid)
----------------------------------------------------------------------
Traceback (most recent call last):
  File "/home/mdbyars/DRP/DRP/tests/httpTests/httpTest.py", line 186, in setUp
    _oldSetUp(self)
  File "/home/mdbyars/DRP/DRP/tests/decorators.py", line 394, in setUp
    _oldSetup(self)
  File "/home/mdbyars/DRP/DRP/tests/decorators.py", line 367, in setUp
    _oldSetup(self)
  File "/home/mdbyars/DRP/DRP/tests/decorators.py", line 127, in setUp
    public = public
UnboundLocalError: local variable 'public' referenced before assignment

======================================================================
ERROR: test_CorrectTemplate (DRP.tests.httpTests.reactionPages.PostReactantAddCreatingValid2)
Check that the expected template is loaded.
----------------------------------------------------------------------
Traceback (most recent call last):
  File "/home/mdbyars/DRP/DRP/tests/httpTests/httpTest.py", line 186, in setUp
    _oldSetUp(self)
  File "/home/mdbyars/DRP/DRP/tests/decorators.py", line 394, in setUp
    _oldSetup(self)
  File "/home/mdbyars/DRP/DRP/tests/decorators.py", line 367, in setUp
    _oldSetup(self)
  File "/home/mdbyars/DRP/DRP/tests/decorators.py", line 127, in setUp
    public = public
UnboundLocalError: local variable 'public' referenced before assignment

======================================================================
ERROR: test_Status (DRP.tests.httpTests.reactionPages.PostReactantAddCreatingValid2)
Check that the http response code is the expected value.
----------------------------------------------------------------------
Traceback (most recent call last):
  File "/home/mdbyars/DRP/DRP/tests/httpTests/httpTest.py", line 186, in setUp
    _oldSetUp(self)
  File "/home/mdbyars/DRP/DRP/tests/decorators.py", line 394, in setUp
    _oldSetup(self)
  File "/home/mdbyars/DRP/DRP/tests/decorators.py", line 367, in setUp
    _oldSetup(self)
  File "/home/mdbyars/DRP/DRP/tests/decorators.py", line 127, in setUp
    public = public
UnboundLocalError: local variable 'public' referenced before assignment

======================================================================
ERROR: test_ValidHtml (DRP.tests.httpTests.reactionPages.PostReactantAddCreatingValid2)
Check HTML validity.
----------------------------------------------------------------------
Traceback (most recent call last):
  File "/home/mdbyars/DRP/DRP/tests/httpTests/httpTest.py", line 186, in setUp
    _oldSetUp(self)
  File "/home/mdbyars/DRP/DRP/tests/decorators.py", line 394, in setUp
    _oldSetup(self)
  File "/home/mdbyars/DRP/DRP/tests/decorators.py", line 367, in setUp
    _oldSetup(self)
  File "/home/mdbyars/DRP/DRP/tests/decorators.py", line 127, in setUp
    public = public
UnboundLocalError: local variable 'public' referenced before assignment

======================================================================
ERROR: test_redirect (DRP.tests.httpTests.reactionPages.PostReactantAddCreatingValid2)
----------------------------------------------------------------------
Traceback (most recent call last):
  File "/home/mdbyars/DRP/DRP/tests/httpTests/httpTest.py", line 186, in setUp
    _oldSetUp(self)
  File "/home/mdbyars/DRP/DRP/tests/decorators.py", line 394, in setUp
    _oldSetup(self)
  File "/home/mdbyars/DRP/DRP/tests/decorators.py", line 367, in setUp
    _oldSetup(self)
  File "/home/mdbyars/DRP/DRP/tests/decorators.py", line 127, in setUp
    public = public
UnboundLocalError: local variable 'public' referenced before assignment

======================================================================
ERROR: test_CorrectTemplate (DRP.tests.httpTests.reactionPages.PostReactantAddCreatingInvalid)
Check that the expected template is loaded.
----------------------------------------------------------------------
Traceback (most recent call last):
  File "/home/mdbyars/DRP/DRP/tests/httpTests/httpTest.py", line 186, in setUp
    _oldSetUp(self)
  File "/home/mdbyars/DRP/DRP/tests/decorators.py", line 394, in setUp
    _oldSetup(self)
  File "/home/mdbyars/DRP/DRP/tests/decorators.py", line 367, in setUp
    _oldSetup(self)
  File "/home/mdbyars/DRP/DRP/tests/decorators.py", line 127, in setUp
    public = public
UnboundLocalError: local variable 'public' referenced before assignment

======================================================================
ERROR: test_Status (DRP.tests.httpTests.reactionPages.PostReactantAddCreatingInvalid)
Check that the http response code is the expected value.
----------------------------------------------------------------------
Traceback (most recent call last):
  File "/home/mdbyars/DRP/DRP/tests/httpTests/httpTest.py", line 186, in setUp
    _oldSetUp(self)
  File "/home/mdbyars/DRP/DRP/tests/decorators.py", line 394, in setUp
    _oldSetup(self)
  File "/home/mdbyars/DRP/DRP/tests/decorators.py", line 367, in setUp
    _oldSetup(self)
  File "/home/mdbyars/DRP/DRP/tests/decorators.py", line 127, in setUp
    public = public
UnboundLocalError: local variable 'public' referenced before assignment

======================================================================
ERROR: test_ValidHtml (DRP.tests.httpTests.reactionPages.PostReactantAddCreatingInvalid)
Check HTML validity.
----------------------------------------------------------------------
Traceback (most recent call last):
  File "/home/mdbyars/DRP/DRP/tests/httpTests/httpTest.py", line 186, in setUp
    _oldSetUp(self)
  File "/home/mdbyars/DRP/DRP/tests/decorators.py", line 394, in setUp
    _oldSetup(self)
  File "/home/mdbyars/DRP/DRP/tests/decorators.py", line 367, in setUp
    _oldSetup(self)
  File "/home/mdbyars/DRP/DRP/tests/decorators.py", line 127, in setUp
    public = public
UnboundLocalError: local variable 'public' referenced before assignment

======================================================================
ERROR: test_CorrectTemplate (DRP.tests.httpTests.reactionPages.PostReactantEditingValid)
Check that the expected template is loaded.
----------------------------------------------------------------------
Traceback (most recent call last):
  File "/home/mdbyars/DRP/DRP/tests/httpTests/httpTest.py", line 186, in setUp
    _oldSetUp(self)
  File "/home/mdbyars/DRP/DRP/tests/decorators.py", line 394, in setUp
    _oldSetup(self)
  File "/home/mdbyars/DRP/DRP/tests/decorators.py", line 367, in setUp
    _oldSetup(self)
  File "/home/mdbyars/DRP/DRP/tests/decorators.py", line 127, in setUp
    public = public
UnboundLocalError: local variable 'public' referenced before assignment

======================================================================
ERROR: test_Status (DRP.tests.httpTests.reactionPages.PostReactantEditingValid)
Check that the http response code is the expected value.
----------------------------------------------------------------------
Traceback (most recent call last):
  File "/home/mdbyars/DRP/DRP/tests/httpTests/httpTest.py", line 186, in setUp
    _oldSetUp(self)
  File "/home/mdbyars/DRP/DRP/tests/decorators.py", line 394, in setUp
    _oldSetup(self)
  File "/home/mdbyars/DRP/DRP/tests/decorators.py", line 367, in setUp
    _oldSetup(self)
  File "/home/mdbyars/DRP/DRP/tests/decorators.py", line 127, in setUp
    public = public
UnboundLocalError: local variable 'public' referenced before assignment

======================================================================
ERROR: test_ValidHtml (DRP.tests.httpTests.reactionPages.PostReactantEditingValid)
Check HTML validity.
----------------------------------------------------------------------
Traceback (most recent call last):
  File "/home/mdbyars/DRP/DRP/tests/httpTests/httpTest.py", line 186, in setUp
    _oldSetUp(self)
  File "/home/mdbyars/DRP/DRP/tests/decorators.py", line 394, in setUp
    _oldSetup(self)
  File "/home/mdbyars/DRP/DRP/tests/decorators.py", line 367, in setUp
    _oldSetup(self)
  File "/home/mdbyars/DRP/DRP/tests/decorators.py", line 127, in setUp
    public = public
UnboundLocalError: local variable 'public' referenced before assignment

======================================================================
ERROR: test_edit (DRP.tests.httpTests.reactionPages.PostReactantEditingValid)
Check the invalidation.
----------------------------------------------------------------------
Traceback (most recent call last):
  File "/home/mdbyars/DRP/DRP/tests/httpTests/httpTest.py", line 186, in setUp
    _oldSetUp(self)
  File "/home/mdbyars/DRP/DRP/tests/decorators.py", line 394, in setUp
    _oldSetup(self)
  File "/home/mdbyars/DRP/DRP/tests/decorators.py", line 367, in setUp
    _oldSetup(self)
  File "/home/mdbyars/DRP/DRP/tests/decorators.py", line 127, in setUp
    public = public
UnboundLocalError: local variable 'public' referenced before assignment

======================================================================
ERROR: test_redirect (DRP.tests.httpTests.reactionPages.PostReactantEditingValid)
----------------------------------------------------------------------
Traceback (most recent call last):
  File "/home/mdbyars/DRP/DRP/tests/httpTests/httpTest.py", line 186, in setUp
    _oldSetUp(self)
  File "/home/mdbyars/DRP/DRP/tests/decorators.py", line 394, in setUp
    _oldSetup(self)
  File "/home/mdbyars/DRP/DRP/tests/decorators.py", line 367, in setUp
    _oldSetup(self)
  File "/home/mdbyars/DRP/DRP/tests/decorators.py", line 127, in setUp
    public = public
UnboundLocalError: local variable 'public' referenced before assignment

======================================================================
ERROR: test_CorrectTemplate (DRP.tests.httpTests.reactionPages.PostReactantDeleteValid)
Check that the expected template is loaded.
----------------------------------------------------------------------
Traceback (most recent call last):
  File "/home/mdbyars/DRP/DRP/tests/httpTests/httpTest.py", line 186, in setUp
    _oldSetUp(self)
  File "/home/mdbyars/DRP/DRP/tests/decorators.py", line 394, in setUp
    _oldSetup(self)
  File "/home/mdbyars/DRP/DRP/tests/decorators.py", line 367, in setUp
    _oldSetup(self)
  File "/home/mdbyars/DRP/DRP/tests/decorators.py", line 127, in setUp
    public = public
UnboundLocalError: local variable 'public' referenced before assignment

======================================================================
ERROR: test_Status (DRP.tests.httpTests.reactionPages.PostReactantDeleteValid)
Check that the http response code is the expected value.
----------------------------------------------------------------------
Traceback (most recent call last):
  File "/home/mdbyars/DRP/DRP/tests/httpTests/httpTest.py", line 186, in setUp
    _oldSetUp(self)
  File "/home/mdbyars/DRP/DRP/tests/decorators.py", line 394, in setUp
    _oldSetup(self)
  File "/home/mdbyars/DRP/DRP/tests/decorators.py", line 367, in setUp
    _oldSetup(self)
  File "/home/mdbyars/DRP/DRP/tests/decorators.py", line 127, in setUp
    public = public
UnboundLocalError: local variable 'public' referenced before assignment

======================================================================
ERROR: test_ValidHtml (DRP.tests.httpTests.reactionPages.PostReactantDeleteValid)
Check HTML validity.
----------------------------------------------------------------------
Traceback (most recent call last):
  File "/home/mdbyars/DRP/DRP/tests/httpTests/httpTest.py", line 186, in setUp
    _oldSetUp(self)
  File "/home/mdbyars/DRP/DRP/tests/decorators.py", line 394, in setUp
    _oldSetup(self)
  File "/home/mdbyars/DRP/DRP/tests/decorators.py", line 367, in setUp
    _oldSetup(self)
  File "/home/mdbyars/DRP/DRP/tests/decorators.py", line 127, in setUp
    public = public
UnboundLocalError: local variable 'public' referenced before assignment

======================================================================
ERROR: test_delete (DRP.tests.httpTests.reactionPages.PostReactantDeleteValid)
Check the deletion.
----------------------------------------------------------------------
Traceback (most recent call last):
  File "/home/mdbyars/DRP/DRP/tests/httpTests/httpTest.py", line 186, in setUp
    _oldSetUp(self)
  File "/home/mdbyars/DRP/DRP/tests/decorators.py", line 394, in setUp
    _oldSetup(self)
  File "/home/mdbyars/DRP/DRP/tests/decorators.py", line 367, in setUp
    _oldSetup(self)
  File "/home/mdbyars/DRP/DRP/tests/decorators.py", line 127, in setUp
    public = public
UnboundLocalError: local variable 'public' referenced before assignment

======================================================================
ERROR: test_redirect (DRP.tests.httpTests.reactionPages.PostReactantDeleteValid)
----------------------------------------------------------------------
Traceback (most recent call last):
  File "/home/mdbyars/DRP/DRP/tests/httpTests/httpTest.py", line 186, in setUp
    _oldSetUp(self)
  File "/home/mdbyars/DRP/DRP/tests/decorators.py", line 394, in setUp
    _oldSetup(self)
  File "/home/mdbyars/DRP/DRP/tests/decorators.py", line 367, in setUp
    _oldSetup(self)
  File "/home/mdbyars/DRP/DRP/tests/decorators.py", line 127, in setUp
    public = public
UnboundLocalError: local variable 'public' referenced before assignment

======================================================================
ERROR: test_CorrectTemplate (DRP.tests.httpTests.reactionPages.CreateReactionDescValCreating)
Check that the expected template is loaded.
----------------------------------------------------------------------
Traceback (most recent call last):
  File "/home/mdbyars/DRP/DRP/tests/httpTests/httpTest.py", line 186, in setUp
    _oldSetUp(self)
  File "/home/mdbyars/DRP/DRP/tests/decorators.py", line 394, in setUp
    _oldSetup(self)
  File "/home/mdbyars/DRP/DRP/tests/decorators.py", line 367, in setUp
    _oldSetup(self)
  File "/home/mdbyars/DRP/DRP/tests/decorators.py", line 127, in setUp
    public = public
UnboundLocalError: local variable 'public' referenced before assignment

======================================================================
ERROR: test_Status (DRP.tests.httpTests.reactionPages.CreateReactionDescValCreating)
Check that the http response code is the expected value.
----------------------------------------------------------------------
Traceback (most recent call last):
  File "/home/mdbyars/DRP/DRP/tests/httpTests/httpTest.py", line 186, in setUp
    _oldSetUp(self)
  File "/home/mdbyars/DRP/DRP/tests/decorators.py", line 394, in setUp
    _oldSetup(self)
  File "/home/mdbyars/DRP/DRP/tests/decorators.py", line 367, in setUp
    _oldSetup(self)
  File "/home/mdbyars/DRP/DRP/tests/decorators.py", line 127, in setUp
    public = public
UnboundLocalError: local variable 'public' referenced before assignment

======================================================================
ERROR: test_ValidHtml (DRP.tests.httpTests.reactionPages.CreateReactionDescValCreating)
Check HTML validity.
----------------------------------------------------------------------
Traceback (most recent call last):
  File "/home/mdbyars/DRP/DRP/tests/httpTests/httpTest.py", line 186, in setUp
    _oldSetUp(self)
  File "/home/mdbyars/DRP/DRP/tests/decorators.py", line 394, in setUp
    _oldSetup(self)
  File "/home/mdbyars/DRP/DRP/tests/decorators.py", line 367, in setUp
    _oldSetup(self)
  File "/home/mdbyars/DRP/DRP/tests/decorators.py", line 127, in setUp
    public = public
UnboundLocalError: local variable 'public' referenced before assignment

======================================================================
ERROR: test_created (DRP.tests.httpTests.reactionPages.CreateReactionDescValCreating)
test the creation.
----------------------------------------------------------------------
Traceback (most recent call last):
  File "/home/mdbyars/DRP/DRP/tests/httpTests/httpTest.py", line 186, in setUp
    _oldSetUp(self)
  File "/home/mdbyars/DRP/DRP/tests/decorators.py", line 394, in setUp
    _oldSetup(self)
  File "/home/mdbyars/DRP/DRP/tests/decorators.py", line 367, in setUp
    _oldSetup(self)
  File "/home/mdbyars/DRP/DRP/tests/decorators.py", line 127, in setUp
    public = public
UnboundLocalError: local variable 'public' referenced before assignment

======================================================================
ERROR: test_redirect (DRP.tests.httpTests.reactionPages.CreateReactionDescValCreating)
----------------------------------------------------------------------
Traceback (most recent call last):
  File "/home/mdbyars/DRP/DRP/tests/httpTests/httpTest.py", line 186, in setUp
    _oldSetUp(self)
  File "/home/mdbyars/DRP/DRP/tests/decorators.py", line 394, in setUp
    _oldSetup(self)
  File "/home/mdbyars/DRP/DRP/tests/decorators.py", line 367, in setUp
    _oldSetup(self)
  File "/home/mdbyars/DRP/DRP/tests/decorators.py", line 127, in setUp
    public = public
UnboundLocalError: local variable 'public' referenced before assignment

======================================================================
ERROR: test_CorrectTemplate (DRP.tests.httpTests.reactionPages.CreateReactionDescValEditing)
Check that the expected template is loaded.
----------------------------------------------------------------------
Traceback (most recent call last):
  File "/home/mdbyars/DRP/DRP/tests/httpTests/httpTest.py", line 186, in setUp
    _oldSetUp(self)
  File "/home/mdbyars/DRP/DRP/tests/decorators.py", line 394, in setUp
    _oldSetup(self)
  File "/home/mdbyars/DRP/DRP/tests/decorators.py", line 367, in setUp
    _oldSetup(self)
  File "/home/mdbyars/DRP/DRP/tests/decorators.py", line 127, in setUp
    public = public
UnboundLocalError: local variable 'public' referenced before assignment

======================================================================
ERROR: test_Status (DRP.tests.httpTests.reactionPages.CreateReactionDescValEditing)
Check that the http response code is the expected value.
----------------------------------------------------------------------
Traceback (most recent call last):
  File "/home/mdbyars/DRP/DRP/tests/httpTests/httpTest.py", line 186, in setUp
    _oldSetUp(self)
  File "/home/mdbyars/DRP/DRP/tests/decorators.py", line 394, in setUp
    _oldSetup(self)
  File "/home/mdbyars/DRP/DRP/tests/decorators.py", line 367, in setUp
    _oldSetup(self)
  File "/home/mdbyars/DRP/DRP/tests/decorators.py", line 127, in setUp
    public = public
UnboundLocalError: local variable 'public' referenced before assignment

======================================================================
ERROR: test_ValidHtml (DRP.tests.httpTests.reactionPages.CreateReactionDescValEditing)
Check HTML validity.
----------------------------------------------------------------------
Traceback (most recent call last):
  File "/home/mdbyars/DRP/DRP/tests/httpTests/httpTest.py", line 186, in setUp
    _oldSetUp(self)
  File "/home/mdbyars/DRP/DRP/tests/decorators.py", line 394, in setUp
    _oldSetup(self)
  File "/home/mdbyars/DRP/DRP/tests/decorators.py", line 367, in setUp
    _oldSetup(self)
  File "/home/mdbyars/DRP/DRP/tests/decorators.py", line 127, in setUp
    public = public
UnboundLocalError: local variable 'public' referenced before assignment

======================================================================
ERROR: test_created (DRP.tests.httpTests.reactionPages.CreateReactionDescValEditing)
Test the object creation.
----------------------------------------------------------------------
Traceback (most recent call last):
  File "/home/mdbyars/DRP/DRP/tests/httpTests/httpTest.py", line 186, in setUp
    _oldSetUp(self)
  File "/home/mdbyars/DRP/DRP/tests/decorators.py", line 394, in setUp
    _oldSetup(self)
  File "/home/mdbyars/DRP/DRP/tests/decorators.py", line 367, in setUp
    _oldSetup(self)
  File "/home/mdbyars/DRP/DRP/tests/decorators.py", line 127, in setUp
    public = public
UnboundLocalError: local variable 'public' referenced before assignment

======================================================================
ERROR: test_redirect (DRP.tests.httpTests.reactionPages.CreateReactionDescValEditing)
----------------------------------------------------------------------
Traceback (most recent call last):
  File "/home/mdbyars/DRP/DRP/tests/httpTests/httpTest.py", line 186, in setUp
    _oldSetUp(self)
  File "/home/mdbyars/DRP/DRP/tests/decorators.py", line 394, in setUp
    _oldSetup(self)
  File "/home/mdbyars/DRP/DRP/tests/decorators.py", line 367, in setUp
    _oldSetup(self)
  File "/home/mdbyars/DRP/DRP/tests/decorators.py", line 127, in setUp
    public = public
UnboundLocalError: local variable 'public' referenced before assignment

======================================================================
ERROR: test_CorrectTemplate (DRP.tests.httpTests.reactionPages.DeleteReactionDescVal)
Check that the expected template is loaded.
----------------------------------------------------------------------
Traceback (most recent call last):
  File "/home/mdbyars/DRP/DRP/tests/httpTests/httpTest.py", line 186, in setUp
    _oldSetUp(self)
  File "/home/mdbyars/DRP/DRP/tests/decorators.py", line 394, in setUp
    _oldSetup(self)
  File "/home/mdbyars/DRP/DRP/tests/decorators.py", line 367, in setUp
    _oldSetup(self)
  File "/home/mdbyars/DRP/DRP/tests/decorators.py", line 127, in setUp
    public = public
UnboundLocalError: local variable 'public' referenced before assignment

======================================================================
ERROR: test_Status (DRP.tests.httpTests.reactionPages.DeleteReactionDescVal)
Check that the http response code is the expected value.
----------------------------------------------------------------------
Traceback (most recent call last):
  File "/home/mdbyars/DRP/DRP/tests/httpTests/httpTest.py", line 186, in setUp
    _oldSetUp(self)
  File "/home/mdbyars/DRP/DRP/tests/decorators.py", line 394, in setUp
    _oldSetup(self)
  File "/home/mdbyars/DRP/DRP/tests/decorators.py", line 367, in setUp
    _oldSetup(self)
  File "/home/mdbyars/DRP/DRP/tests/decorators.py", line 127, in setUp
    public = public
UnboundLocalError: local variable 'public' referenced before assignment

======================================================================
ERROR: test_ValidHtml (DRP.tests.httpTests.reactionPages.DeleteReactionDescVal)
Check HTML validity.
----------------------------------------------------------------------
Traceback (most recent call last):
  File "/home/mdbyars/DRP/DRP/tests/httpTests/httpTest.py", line 186, in setUp
    _oldSetUp(self)
  File "/home/mdbyars/DRP/DRP/tests/decorators.py", line 394, in setUp
    _oldSetup(self)
  File "/home/mdbyars/DRP/DRP/tests/decorators.py", line 367, in setUp
    _oldSetup(self)
  File "/home/mdbyars/DRP/DRP/tests/decorators.py", line 127, in setUp
    public = public
UnboundLocalError: local variable 'public' referenced before assignment

======================================================================
ERROR: test_deleted (DRP.tests.httpTests.reactionPages.DeleteReactionDescVal)
Test the deletion.
----------------------------------------------------------------------
Traceback (most recent call last):
  File "/home/mdbyars/DRP/DRP/tests/httpTests/httpTest.py", line 186, in setUp
    _oldSetUp(self)
  File "/home/mdbyars/DRP/DRP/tests/decorators.py", line 394, in setUp
    _oldSetup(self)
  File "/home/mdbyars/DRP/DRP/tests/decorators.py", line 367, in setUp
    _oldSetup(self)
  File "/home/mdbyars/DRP/DRP/tests/decorators.py", line 127, in setUp
    public = public
UnboundLocalError: local variable 'public' referenced before assignment

======================================================================
ERROR: test_redirect (DRP.tests.httpTests.reactionPages.DeleteReactionDescVal)
----------------------------------------------------------------------
Traceback (most recent call last):
  File "/home/mdbyars/DRP/DRP/tests/httpTests/httpTest.py", line 186, in setUp
    _oldSetUp(self)
  File "/home/mdbyars/DRP/DRP/tests/decorators.py", line 394, in setUp
    _oldSetup(self)
  File "/home/mdbyars/DRP/DRP/tests/decorators.py", line 367, in setUp
    _oldSetup(self)
  File "/home/mdbyars/DRP/DRP/tests/decorators.py", line 127, in setUp
    public = public
UnboundLocalError: local variable 'public' referenced before assignment

======================================================================
ERROR: test_CorrectTemplate (DRP.tests.httpTests.reactionPages.EditReactionDescValInvalid)
Check that the expected template is loaded.
----------------------------------------------------------------------
Traceback (most recent call last):
  File "/home/mdbyars/DRP/DRP/tests/httpTests/httpTest.py", line 186, in setUp
    _oldSetUp(self)
  File "/home/mdbyars/DRP/DRP/tests/decorators.py", line 394, in setUp
    _oldSetup(self)
  File "/home/mdbyars/DRP/DRP/tests/decorators.py", line 367, in setUp
    _oldSetup(self)
  File "/home/mdbyars/DRP/DRP/tests/decorators.py", line 127, in setUp
    public = public
UnboundLocalError: local variable 'public' referenced before assignment

======================================================================
ERROR: test_Status (DRP.tests.httpTests.reactionPages.EditReactionDescValInvalid)
Check that the http response code is the expected value.
----------------------------------------------------------------------
Traceback (most recent call last):
  File "/home/mdbyars/DRP/DRP/tests/httpTests/httpTest.py", line 186, in setUp
    _oldSetUp(self)
  File "/home/mdbyars/DRP/DRP/tests/decorators.py", line 394, in setUp
    _oldSetup(self)
  File "/home/mdbyars/DRP/DRP/tests/decorators.py", line 367, in setUp
    _oldSetup(self)
  File "/home/mdbyars/DRP/DRP/tests/decorators.py", line 127, in setUp
    public = public
UnboundLocalError: local variable 'public' referenced before assignment

======================================================================
ERROR: test_ValidHtml (DRP.tests.httpTests.reactionPages.EditReactionDescValInvalid)
Check HTML validity.
----------------------------------------------------------------------
Traceback (most recent call last):
  File "/home/mdbyars/DRP/DRP/tests/httpTests/httpTest.py", line 186, in setUp
    _oldSetUp(self)
  File "/home/mdbyars/DRP/DRP/tests/decorators.py", line 394, in setUp
    _oldSetup(self)
  File "/home/mdbyars/DRP/DRP/tests/decorators.py", line 367, in setUp
    _oldSetup(self)
  File "/home/mdbyars/DRP/DRP/tests/decorators.py", line 127, in setUp
    public = public
UnboundLocalError: local variable 'public' referenced before assignment

======================================================================
ERROR: test_created (DRP.tests.httpTests.reactionPages.EditReactionDescValInvalid)
Test the creation.
----------------------------------------------------------------------
Traceback (most recent call last):
  File "/home/mdbyars/DRP/DRP/tests/httpTests/httpTest.py", line 186, in setUp
    _oldSetUp(self)
  File "/home/mdbyars/DRP/DRP/tests/decorators.py", line 394, in setUp
    _oldSetup(self)
  File "/home/mdbyars/DRP/DRP/tests/decorators.py", line 367, in setUp
    _oldSetup(self)
  File "/home/mdbyars/DRP/DRP/tests/decorators.py", line 127, in setUp
    public = public
UnboundLocalError: local variable 'public' referenced before assignment

======================================================================
FAIL: test_ValidHtml (DRP.tests.httpTests.compoundPages.CreateCompoundRedirTest)
Check HTML validity.
----------------------------------------------------------------------
Traceback (most recent call last):
  File "/home/mdbyars/DRP/DRP/tests/httpTests/httpTest.py", line 84, in test_ValidHtml
    '\n Response html: \n {0}'.format(self.response.text))
AssertionError: False is not true : error:Stray end tag img.

 Response html: 
 <!DOCTYPE html>
<html>
  <head>
    <title>
       Dark Reactions Project 
    </title>
    <link href='http://fonts.googleapis.com/css?family=Open+Sans:400,700' rel="stylesheet" type="text/css" />
    <link rel="stylesheet" type="text/css" href="/static/css/mainStylesheet.css" />
    <link rel="stylesheet" type="text/css" href="/static/css/mainMenu.css" />
    <link rel="stylesheet" type="text/css" href="/static/css/projectMenu.css" />
    
<link rel="stylesheet" type="text/css" href="/static/css/compoundList.css" />

  
    
  </head>

  <body>

    <header>
      <img id="mainLogo" src="/static/images/mainLogo.png" alt="DRP logo">
      <h1 class="mainTitle">Dark Reactions Project</h1>

      <div id="userInfo">
	<a href="https://github.com/darkreactions/DRP" class="github">GitHub</a>
        
          
            <!-- 1f47e7ab-1900-4683-ba1c-63330ec2f71a -->
          
          <span class="greeting">
            Hello, 
            <a class="account" href="/account/" ><img id="userUpdate" title="Update Account" src="/static/icons/gear.png" alt="update account"></a>
          </span>
          <a href="/logout.html" id="userLogOut">Log Out</a>

        

        </div>
      
      <nav>
       <div class="nav-wrapper">
        <ol id="navigationMenu">
  
          <li>
            <a href="/" class="navLink" title="The basics of the Project.">
              Home
            </a>
          </li>
  
          <li>
            <a href="/database.html?page=1"
               id="dbase"
               class="navLink"
               title="Enter the Dark Reaction Project.">
               Project
            </a>
          </li>
  
          <li>
            <a href="/about.html"
               class="navLink"
               title="More info about the Project.">
               About
            </a>
          </li>
  
            <li>
              <a href="/contact.html"
                 class="navLink"
                 title="Send a bug report, comment, or complaint.">
                 Contact
              </a>
          </li>
        </ol>
     </div>
    </nav>
    
 <!-- 823d22e7-3337-4292-aa67-13f748b2aa65 --> 

<nav>
 <div class="projectNav-wrapper">
  <ol class="projectNav">
    <li><a href="/database/">Reactions</a></li>
    <li><a href="/database/compoundguide/">Compound Guide</a></li>
  </ol>
 </div>
</nav> 




<nav>
 <div class="projectNav-wrapper">
  <ol class="projectNav" id="projectNav2">
    <li><a href="/database/compoundguide/">List Compounds</a></li> 
    <li><a href="/database/compoundguide/add.html">Add a compound</a></li>
  </ol>
 </div>
</nav>




  
  </header>
  <main>
    

<h1 class="bannerText">Compound Guide</h1>



  <section class="downloads">
    <h1>Downloads</h1>
    <ul>
      <li><a href="/database/compoundguide.csv?">csv</a></li>
      
      <li><a href="/database/compoundguide.arff?">arff</a></li>
      
    </ul>
  </section>
  <table>
    <thead>
      <tr>
	<th></th>
        <th>Abbreviation</th>
        <th>Name</th>
        <th>ChemSpider ID</th>
        <th>Compound Classes</th>
      </tr>
    </thead>
  
    <tr>
      <td> 
	<a class="edit" href="/database/compoundguide/edit_239.html">
	  <img src="/static/icons/edit.png" alt="edit this compound" title="edit this compound" height="25" width="25"></img>
        </a>
      </td>
      <td>
        <a href="/database/compoundguide/display_239.html">
          etoh
	</a>
      </td>
      <td>ethanol</td>
      <td>682</td>
      <td>
        <ul>
          
        </ul>
      </td>
      <td>
        
        <form action="/database/compoundguide/delete" method="post">
          <input type='hidden' name='csrfmiddlewaretoken' value='Yhb5dGOcxDlKr2Ztdqw15WQnIPFEug3o' />
          <input id="id_delete_14" name="id" type="hidden" value="239" />
          <input type="Submit" value="delete" />
        </form>
        
      </td>
    </tr>
  
  </table>
  <!-- 7f25b7df-2176-455b-9a68-620af1d52e46 -->

<!-- bf3a3711-b21d-4710-a989-6d1ebc1c9ee9 -->

  </main>
  <footer>
  &copy; 2016 Dark Reactions Project at Haverford College
  </footer>
  
  <script>
    dbase = document.getElementById('dbase');
    dbase.setAttribute('href', '/database/');
  </script>
</body>
</html>


----------------------------------------------------------------------
Ran 215 tests in 43.906s

FAILED (failures=1, errors=81, skipped=4)
